[12:16:07] [Server thread/INFO]: Starting minecraft server version 1.15.2
[12:16:07] [Server thread/INFO]: Loading properties
[12:16:07] [Server thread/INFO]: This server is running Paper version git-Paper-183 (MC: 1.15.2) (Implementing API version 1.15.2-R0.1-SNAPSHOT)
[12:16:08] [Server thread/INFO]: Debug logging is disabled
[12:16:08] [Server thread/INFO]: Server Ping Player Sample Count: 12
[12:16:08] [Server thread/INFO]: Using 4 threads for Netty based IO
[12:16:08] [Server thread/INFO]: Default game type: SURVIVAL
[12:16:08] [Server thread/INFO]: Generating keypair
[12:16:09] [Server thread/INFO]: Starting Minecraft server on *:25565
[12:16:09] [Server thread/INFO]: Using epoll channel type
[12:16:10] [Server thread/INFO]: Server permissions file permissions.yml is empty, ignoring it
[12:16:10] [Server thread/WARN]: **** SERVER IS RUNNING IN OFFLINE/INSECURE MODE!
[12:16:10] [Server thread/WARN]: The server will make no attempt to authenticate usernames. Beware.
[12:16:10] [Server thread/WARN]: While this makes the game possible to play without internet access, it also opens up the ability for hackers to connect with any username they choose.
[12:16:10] [Server thread/WARN]: To change this, set "online-mode" to "true" in the server.properties file.
[12:16:10] [Server thread/INFO]: Preparing level "world"
[12:16:10] [Server thread/INFO]: Reloading ResourceManager: Default, bukkit
[12:17:02] [Server thread/INFO]: Loaded 6 recipes
[12:17:03] [Server thread/INFO]: -------- World Settings For [world] --------
[12:17:03] [Server thread/INFO]: Mob Spawn Range: 6
[12:17:03] [Server thread/INFO]: Experience Merge Radius: 6.0
[12:17:03] [Server thread/INFO]: Cactus Growth Modifier: 100%
[12:17:03] [Server thread/INFO]: Cane Growth Modifier: 100%
[12:17:03] [Server thread/INFO]: Melon Growth Modifier: 100%
[12:17:03] [Server thread/INFO]: Mushroom Growth Modifier: 100%
[12:17:03] [Server thread/INFO]: Pumpkin Growth Modifier: 100%
[12:17:03] [Server thread/INFO]: Sapling Growth Modifier: 100%
[12:17:03] [Server thread/INFO]: Beetroot Growth Modifier: 100%
[12:17:03] [Server thread/INFO]: Carrot Growth Modifier: 100%
[12:17:03] [Server thread/INFO]: Potato Growth Modifier: 100%
[12:17:03] [Server thread/INFO]: Wheat Growth Modifier: 100%
[12:17:03] [Server thread/INFO]: NetherWart Growth Modifier: 100%
[12:17:03] [Server thread/INFO]: Vine Growth Modifier: 100%
[12:17:03] [Server thread/INFO]: Cocoa Growth Modifier: 100%
[12:17:03] [Server thread/INFO]: Bamboo Growth Modifier: 100%
[12:17:03] [Server thread/INFO]: SweetBerry Growth Modifier: 100%
[12:17:03] [Server thread/INFO]: Kelp Growth Modifier: 100%
[12:17:03] [Server thread/INFO]: Entity Activation Range: An 32 / Mo 32 / Ra 48 / Mi 16 / Tiv true
[12:17:03] [Server thread/INFO]: Entity Tracking Range: Pl 48 / An 48 / Mo 48 / Mi 32 / Other 64
[12:17:03] [Server thread/INFO]: Hopper Transfer: 8 Hopper Check: 1 Hopper Amount: 1
[12:17:03] [Server thread/INFO]: Custom Map Seeds:  Village: 10387312 Desert: 14357617 Igloo: 14357618 Jungle: 14357619 Swamp: 14357620 Monument: 10387313 Ocean: 14357621 Shipwreck: 165745295 End City: 10387313 Slime: 987234911
[12:17:03] [Server thread/INFO]: Max TNT Explosions: 100
[12:17:03] [Server thread/INFO]: Tile Max Tick Time: 50ms Entity max Tick Time: 50ms
[12:17:03] [Server thread/INFO]: View Distance: 10
[12:17:03] [Server thread/INFO]: Allow Zombie Pigmen to spawn from portal blocks: true
[12:17:03] [Server thread/INFO]: Item Merge Radius: 4.0
[12:17:03] [Server thread/INFO]: Item Despawn Rate: 6000
[12:17:03] [Server thread/INFO]: Arrow Despawn Rate: 1200 Trident Respawn Rate:1200
[12:17:03] [Server thread/INFO]: Zombie Aggressive Towards Villager: true
[12:17:03] [Server thread/INFO]: Nerfing mobs spawned from spawners: false
[12:17:04] [Server thread/INFO]: -------- World Settings For [world_nether] --------
[12:17:04] [Server thread/INFO]: Mob Spawn Range: 6
[12:17:04] [Server thread/INFO]: Experience Merge Radius: 6.0
[12:17:04] [Server thread/INFO]: Cactus Growth Modifier: 100%
[12:17:04] [Server thread/INFO]: Cane Growth Modifier: 100%
[12:17:04] [Server thread/INFO]: Melon Growth Modifier: 100%
[12:17:04] [Server thread/INFO]: Mushroom Growth Modifier: 100%
[12:17:04] [Server thread/INFO]: Pumpkin Growth Modifier: 100%
[12:17:04] [Server thread/INFO]: Sapling Growth Modifier: 100%
[12:17:04] [Server thread/INFO]: Beetroot Growth Modifier: 100%
[12:17:04] [Server thread/INFO]: Carrot Growth Modifier: 100%
[12:17:04] [Server thread/INFO]: Potato Growth Modifier: 100%
[12:17:04] [Server thread/INFO]: Wheat Growth Modifier: 100%
[12:17:04] [Server thread/INFO]: NetherWart Growth Modifier: 100%
[12:17:04] [Server thread/INFO]: Vine Growth Modifier: 100%
[12:17:04] [Server thread/INFO]: Cocoa Growth Modifier: 100%
[12:17:04] [Server thread/INFO]: Bamboo Growth Modifier: 100%
[12:17:04] [Server thread/INFO]: SweetBerry Growth Modifier: 100%
[12:17:04] [Server thread/INFO]: Kelp Growth Modifier: 100%
[12:17:04] [Server thread/INFO]: Entity Activation Range: An 32 / Mo 32 / Ra 48 / Mi 16 / Tiv true
[12:17:04] [Server thread/INFO]: Entity Tracking Range: Pl 48 / An 48 / Mo 48 / Mi 32 / Other 64
[12:17:04] [Server thread/INFO]: Hopper Transfer: 8 Hopper Check: 1 Hopper Amount: 1
[12:17:04] [Server thread/INFO]: Custom Map Seeds:  Village: 10387312 Desert: 14357617 Igloo: 14357618 Jungle: 14357619 Swamp: 14357620 Monument: 10387313 Ocean: 14357621 Shipwreck: 165745295 End City: 10387313 Slime: 987234911
[12:17:04] [Server thread/INFO]: Max TNT Explosions: 100
[12:17:04] [Server thread/INFO]: Tile Max Tick Time: 50ms Entity max Tick Time: 50ms
[12:17:04] [Server thread/INFO]: View Distance: 10
[12:17:04] [Server thread/INFO]: Allow Zombie Pigmen to spawn from portal blocks: true
[12:17:04] [Server thread/INFO]: Item Merge Radius: 4.0
[12:17:04] [Server thread/INFO]: Item Despawn Rate: 6000
[12:17:04] [Server thread/INFO]: Arrow Despawn Rate: 1200 Trident Respawn Rate:1200
[12:17:04] [Server thread/INFO]: Zombie Aggressive Towards Villager: true
[12:17:04] [Server thread/INFO]: Nerfing mobs spawned from spawners: false
[12:17:04] [Server thread/INFO]: -------- World Settings For [world_the_end] --------
[12:17:04] [Server thread/INFO]: Mob Spawn Range: 6
[12:17:04] [Server thread/INFO]: Experience Merge Radius: 6.0
[12:17:04] [Server thread/INFO]: Cactus Growth Modifier: 100%
[12:17:04] [Server thread/INFO]: Cane Growth Modifier: 100%
[12:17:04] [Server thread/INFO]: Melon Growth Modifier: 100%
[12:17:04] [Server thread/INFO]: Mushroom Growth Modifier: 100%
[12:17:04] [Server thread/INFO]: Pumpkin Growth Modifier: 100%
[12:17:04] [Server thread/INFO]: Sapling Growth Modifier: 100%
[12:17:04] [Server thread/INFO]: Beetroot Growth Modifier: 100%
[12:17:04] [Server thread/INFO]: Carrot Growth Modifier: 100%
[12:17:04] [Server thread/INFO]: Potato Growth Modifier: 100%
[12:17:04] [Server thread/INFO]: Wheat Growth Modifier: 100%
[12:17:04] [Server thread/INFO]: NetherWart Growth Modifier: 100%
[12:17:04] [Server thread/INFO]: Vine Growth Modifier: 100%
[12:17:04] [Server thread/INFO]: Cocoa Growth Modifier: 100%
[12:17:04] [Server thread/INFO]: Bamboo Growth Modifier: 100%
[12:17:04] [Server thread/INFO]: SweetBerry Growth Modifier: 100%
[12:17:04] [Server thread/INFO]: Kelp Growth Modifier: 100%
[12:17:04] [Server thread/INFO]: Entity Activation Range: An 32 / Mo 32 / Ra 48 / Mi 16 / Tiv true
[12:17:04] [Server thread/INFO]: Entity Tracking Range: Pl 48 / An 48 / Mo 48 / Mi 32 / Other 64
[12:17:04] [Server thread/INFO]: Hopper Transfer: 8 Hopper Check: 1 Hopper Amount: 1
[12:17:04] [Server thread/INFO]: Custom Map Seeds:  Village: 10387312 Desert: 14357617 Igloo: 14357618 Jungle: 14357619 Swamp: 14357620 Monument: 10387313 Ocean: 14357621 Shipwreck: 165745295 End City: 10387313 Slime: 987234911
[12:17:04] [Server thread/INFO]: Max TNT Explosions: 100
[12:17:04] [Server thread/INFO]: Tile Max Tick Time: 50ms Entity max Tick Time: 50ms
[12:17:04] [Server thread/INFO]: View Distance: 10
[12:17:04] [Server thread/INFO]: Allow Zombie Pigmen to spawn from portal blocks: true
[12:17:04] [Server thread/INFO]: Item Merge Radius: 4.0
[12:17:04] [Server thread/INFO]: Item Despawn Rate: 6000
[12:17:04] [Server thread/INFO]: Arrow Despawn Rate: 1200 Trident Respawn Rate:1200
[12:17:04] [Server thread/INFO]: Zombie Aggressive Towards Villager: true
[12:17:04] [Server thread/INFO]: Nerfing mobs spawned from spawners: false
[12:17:04] [Server thread/INFO]: Done (54.614s)! For help, type "help"
[12:17:04] [Server thread/INFO]: Timings Reset
[12:17:04] [Server thread/INFO]: [Server] Hello
[12:17:11] [User Authenticator #1/INFO]: UUID of player Archigog is e9a894be-82f6-3f3c-9803-76c6b1287410
[12:17:14] [Server thread/INFO]: Archigog[/79.80.111.245:36048] logged in with entity id 1 at ([world]109.39657062148845, 67.0, 448.44645510321425)
[12:17:24] [Server thread/INFO]: [Server] Hello
[12:18:10] [Server thread/INFO]: Archigog lost connection: Disconnected
[12:18:10] [Server thread/INFO]: Archigog left the game
[12:19:11] [User Authenticator #2/INFO]: UUID of player Archigog is e9a894be-82f6-3f3c-9803-76c6b1287410
[12:19:12] [Server thread/INFO]: Archigog[/79.80.111.245:36092] logged in with entity id 785 at ([world]114.9303253928077, 63.0, 452.5789407158544)
[12:19:20] [Server thread/INFO]: Archigog lost connection: Disconnected
[12:19:21] [Server thread/INFO]: Archigog left the game
[12:20:17] [User Authenticator #3/INFO]: UUID of player Archigog is e9a894be-82f6-3f3c-9803-76c6b1287410
[12:20:17] [Server thread/INFO]: Archigog[/79.80.111.245:36118] logged in with entity id 1488 at ([world]112.48345511424867, 63.0, 451.6439923516413)
[12:20:40] [Server thread/INFO]: Unknown command. Type "/help" for help.
[12:20:48] [Server thread/INFO]: Archigog lost connection: Disconnected
[12:20:48] [Server thread/INFO]: Archigog left the game
[12:20:50] [Server console handler/ERROR]: Caught previously unhandled exception :
java.io.IOError: java.io.IOException: Input/output error
	at org.jline.keymap.BindingReader.readCharacter(BindingReader.java:143) ~[patched_1.15.2.jar:git-Paper-183]
	at org.jline.keymap.BindingReader.readBinding(BindingReader.java:110) ~[patched_1.15.2.jar:git-Paper-183]
	at org.jline.keymap.BindingReader.readBinding(BindingReader.java:61) ~[patched_1.15.2.jar:git-Paper-183]
	at org.jline.reader.impl.LineReaderImpl.doReadBinding(LineReaderImpl.java:848) ~[patched_1.15.2.jar:git-Paper-183]
	at org.jline.reader.impl.LineReaderImpl.readBinding(LineReaderImpl.java:868) ~[patched_1.15.2.jar:git-Paper-183]
	at org.jline.reader.impl.LineReaderImpl.readLine(LineReaderImpl.java:575) ~[patched_1.15.2.jar:git-Paper-183]
	at org.jline.reader.impl.LineReaderImpl.readLine(LineReaderImpl.java:418) ~[patched_1.15.2.jar:git-Paper-183]
	at net.minecrell.terminalconsole.SimpleTerminalConsole.readCommands(SimpleTerminalConsole.java:158) ~[patched_1.15.2.jar:git-Paper-183]
	at net.minecrell.terminalconsole.SimpleTerminalConsole.start(SimpleTerminalConsole.java:141) ~[patched_1.15.2.jar:git-Paper-183]
	at net.minecraft.server.v1_15_R1.DedicatedServer$2.run(DedicatedServer.java:90) ~[patched_1.15.2.jar:git-Paper-183]
Caused by: java.io.IOException: Input/output error
	at java.io.FileInputStream.read0(Native Method) ~[?:?]
	at java.io.FileInputStream.read(FileInputStream.java:231) ~[?:?]
	at org.jline.terminal.impl.AbstractPty$PtyInputStream.read(AbstractPty.java:73) ~[patched_1.15.2.jar:git-Paper-183]
	at org.jline.utils.NonBlockingInputStream.read(NonBlockingInputStream.java:62) ~[patched_1.15.2.jar:git-Paper-183]
	at org.jline.utils.NonBlocking$NonBlockingInputStreamReader.read(NonBlocking.java:168) ~[patched_1.15.2.jar:git-Paper-183]
	at org.jline.utils.NonBlockingReader.read(NonBlockingReader.java:57) ~[patched_1.15.2.jar:git-Paper-183]
	at org.jline.keymap.BindingReader.readCharacter(BindingReader.java:133) ~[patched_1.15.2.jar:git-Paper-183]
	... 9 more
